c:\users\mgutierrza\desktop\graficasporcomputadora\baseopengl\baseopengl\debug\vc143.pdb
c:\users\mgutierrza\desktop\graficasporcomputadora\baseopengl\baseopengl\debug\vc143.idb
c:\users\mgutierrza\desktop\graficasporcomputadora\baseopengl\baseopengl\debug\glad.obj
c:\users\mgutierrza\desktop\graficasporcomputadora\baseopengl\baseopengl\debug\baseopengl.obj
c:\users\mgutierrza\desktop\graficasporcomputadora\clase\baseopengl\debug\vc142.pdb
c:\users\mgutierrza\desktop\graficasporcomputadora\clase\baseopengl\debug\vc142.idb
c:\users\mgutierrza\desktop\graficasporcomputadora\clase\baseopengl\debug\glad.obj
c:\users\mgutierrza\desktop\graficasporcomputadora\clase\baseopengl\debug\baseopengl.obj
c:\users\mgutierrza\desktop\graficasporcomputadora\iluminacion\baseopengl\debug\vc142.pdb
c:\users\mgutierrza\desktop\graficasporcomputadora\iluminacion\baseopengl\debug\vc142.idb
c:\users\mgutierrza\desktop\graficasporcomputadora\iluminacion\baseopengl\debug\glad.obj
c:\users\mgutierrza\desktop\graficasporcomputadora\iluminacion\baseopengl\debug\difusa.obj
c:\users\mgutierrza\desktop\proyectograficas\proyecto1\baseopengl\debug\vc143.pdb
c:\users\mgutierrza\desktop\proyectograficas\proyecto1\baseopengl\debug\vc143.idb
c:\users\mgutierrza\desktop\proyectograficas\proyecto1\baseopengl\debug\glad.obj
c:\users\mgutierrza\desktop\proyectograficas\proyecto1\baseopengl\debug\proyecto1.obj
c:\users\mgutierrza\desktop\proyectograficas\p2.2\proyecto2\baseopengl\debug\vc143.pdb
c:\users\mgutierrza\desktop\proyectograficas\p2.2\proyecto2\baseopengl\debug\vc143.idb
c:\users\mgutierrza\desktop\proyectograficas\p2.2\proyecto2\baseopengl\debug\glad.obj
c:\users\mgutierrza\desktop\proyectograficas\p2.2\proyecto2\baseopengl\debug\proyecto1.obj
c:\users\mgutierrza\desktop\graficasporcomputadora\baseopengl\debug\baseopengl.exe
c:\users\mgutierrza\desktop\graficasporcomputadora\baseopengl\baseopengl\debug\baseopengl.ilk
c:\users\mgutierrza\desktop\graficasporcomputadora\baseopengl\debug\baseopengl.pdb
c:\users\mgutierrza\desktop\graficasporcomputadora\clase\debug\baseopengl.exe
c:\users\mgutierrza\desktop\graficasporcomputadora\clase\baseopengl\debug\baseopengl.ilk
c:\users\mgutierrza\desktop\graficasporcomputadora\clase\debug\baseopengl.pdb
c:\users\mgutierrza\desktop\graficasporcomputadora\iluminacion\debug\baseopengl.exe
c:\users\mgutierrza\desktop\graficasporcomputadora\iluminacion\baseopengl\debug\baseopengl.ilk
c:\users\mgutierrza\desktop\graficasporcomputadora\iluminacion\debug\baseopengl.pdb
c:\users\mgutierrza\desktop\proyectograficas\proyecto1\baseopengl\debug\baseopengl.ilk
c:\users\mgutierrza\desktop\proyectograficas\proyecto1\debug\baseopengl.exe
c:\users\mgutierrza\desktop\proyectograficas\proyecto1\debug\baseopengl.pdb
c:\users\mgutierrza\desktop\proyectograficas\p2.2\proyecto2\baseopengl\debug\baseopengl.obj
c:\users\mgutierrza\desktop\proyectograficas\p2.2\proyecto2\baseopengl\debug\difusa.obj
c:\users\mgutierrza\desktop\proyectograficas\p2.2\proyecto2\baseopengl\debug\especular.obj
c:\users\mgutierrza\desktop\proyectograficas\p2.2\proyecto2\baseopengl\debug\vc142.idb
c:\users\mgutierrza\desktop\proyectograficas\p2.2\proyecto2\baseopengl\debug\vc142.pdb
c:\users\mgutierrza\desktop\proyectograficas\p2.2\proyecto2\debug\baseopengl.pdb
c:\users\mgutierrza\desktop\proyectograficas\p2.2\proyecto2\baseopengl\debug\baseopengl.tlog\cl.command.1.tlog
c:\users\mgutierrza\desktop\proyectograficas\p2.2\proyecto2\baseopengl\debug\baseopengl.tlog\cl.read.1.tlog
c:\users\mgutierrza\desktop\proyectograficas\p2.2\proyecto2\baseopengl\debug\baseopengl.tlog\cl.write.1.tlog
c:\users\mgutierrza\desktop\proyectograficas\p2.2\proyecto2\baseopengl\debug\baseopengl.tlog\link-cvtres.read.1.tlog
c:\users\mgutierrza\desktop\proyectograficas\p2.2\proyecto2\baseopengl\debug\baseopengl.tlog\link-cvtres.write.1.tlog
c:\users\mgutierrza\desktop\proyectograficas\p2.2\proyecto2\baseopengl\debug\baseopengl.tlog\link-rc.read.1.tlog
c:\users\mgutierrza\desktop\proyectograficas\p2.2\proyecto2\baseopengl\debug\baseopengl.tlog\link-rc.write.1.tlog
c:\users\mgutierrza\desktop\proyectograficas\p2.2\proyecto2\baseopengl\debug\baseopengl.tlog\link.command.1.tlog
c:\users\mgutierrza\desktop\proyectograficas\p2.2\proyecto2\baseopengl\debug\baseopengl.tlog\link.read.1.tlog
c:\users\mgutierrza\desktop\proyectograficas\p2.2\proyecto2\baseopengl\debug\baseopengl.tlog\link.write.1.tlog
