c:\users\mgutierrza\desktop\proyectograficas\p2\visualizacion3d\baseopengl\debug\vc143.pdb
c:\users\mgutierrza\desktop\proyectograficas\p2\visualizacion3d\baseopengl\debug\vc143.idb
c:\users\mgutierrza\desktop\proyectograficas\p2\visualizacion3d\baseopengl\debug\glad.obj
c:\users\mgutierrza\desktop\proyectograficas\p2\visualizacion3d\baseopengl\debug\imgui_impl_glfw_gl3.obj
c:\users\mgutierrza\desktop\proyectograficas\p2\visualizacion3d\baseopengl\debug\proyecto.obj
c:\users\mgutierrza\desktop\proyectograficas\p2\visualizacion3d\baseopengl\debug\imgui_draw.obj
c:\users\mgutierrza\desktop\proyectograficas\p2\visualizacion3d\baseopengl\debug\imgui_demo.obj
c:\users\mgutierrza\desktop\proyectograficas\p2\visualizacion3d\baseopengl\debug\imgui.obj
c:\users\mgutierrza\desktop\proyectograficas\p2.3\visualizacion3d\baseopengl\debug\vc143.pdb
c:\users\mgutierrza\desktop\proyectograficas\p2.3\visualizacion3d\baseopengl\debug\vc143.idb
c:\users\mgutierrza\desktop\proyectograficas\p2.3\visualizacion3d\baseopengl\debug\glad.obj
c:\users\mgutierrza\desktop\proyectograficas\p2.3\visualizacion3d\baseopengl\debug\proyecto.obj
c:\users\mgutierrza\desktop\proyectograficas\p2.3\visualizacion3d\baseopengl\debug\imgui_impl_glfw_gl3.obj
c:\users\mgutierrza\desktop\proyectograficas\p2.3\visualizacion3d\baseopengl\debug\imgui_draw.obj
c:\users\mgutierrza\desktop\proyectograficas\p2.3\visualizacion3d\baseopengl\debug\imgui_demo.obj
c:\users\mgutierrza\desktop\proyectograficas\p2.3\visualizacion3d\baseopengl\debug\imgui.obj
c:\users\mgutierrza\desktop\proyectograficas\p2\visualizacion3d\debug\baseopengl.exe
c:\users\mgutierrza\desktop\proyectograficas\p2\visualizacion3d\baseopengl\debug\baseopengl.ilk
c:\users\mgutierrza\desktop\proyectograficas\p2\visualizacion3d\debug\baseopengl.pdb
c:\users\mgutierrza\desktop\proyectograficas\p2.3\visualizacion3d\baseopengl\debug\baseopengl.ilk
c:\users\mgutierrza\desktop\proyectograficas\p2.3\visualizacion3d\debug\baseopengl.exe
c:\users\mgutierrza\desktop\proyectograficas\p2.3\visualizacion3d\debug\baseopengl.pdb
c:\users\mgutierrza\desktop\proyectograficas\p2.3\visualizacion3d\baseopengl\debug\baseopengl.obj
c:\users\mgutierrza\desktop\proyectograficas\p2.3\visualizacion3d\baseopengl\debug\difusa.obj
c:\users\mgutierrza\desktop\proyectograficas\p2.3\visualizacion3d\baseopengl\debug\especular.obj
c:\users\mgutierrza\desktop\proyectograficas\p2.3\visualizacion3d\baseopengl\debug\vc142.idb
c:\users\mgutierrza\desktop\proyectograficas\p2.3\visualizacion3d\baseopengl\debug\vc142.pdb
c:\users\mgutierrza\desktop\proyectograficas\p2.3\visualizacion3d\baseopengl\debug\baseopengl.tlog\cl.command.1.tlog
c:\users\mgutierrza\desktop\proyectograficas\p2.3\visualizacion3d\baseopengl\debug\baseopengl.tlog\cl.read.1.tlog
c:\users\mgutierrza\desktop\proyectograficas\p2.3\visualizacion3d\baseopengl\debug\baseopengl.tlog\cl.write.1.tlog
c:\users\mgutierrza\desktop\proyectograficas\p2.3\visualizacion3d\baseopengl\debug\baseopengl.tlog\link.command.1.tlog
c:\users\mgutierrza\desktop\proyectograficas\p2.3\visualizacion3d\baseopengl\debug\baseopengl.tlog\link.read.1.tlog
c:\users\mgutierrza\desktop\proyectograficas\p2.3\visualizacion3d\baseopengl\debug\baseopengl.tlog\link.write.1.tlog
